{"/home/travis/build/kaizhu256/node-mysql-lite/test.js":{"path":"/home/travis/build/kaizhu256/node-mysql-lite/test.js","s":{"1":1,"2":1,"3":1,"4":1,"5":1,"6":1,"7":1,"8":1,"9":1,"10":1,"11":1,"12":1,"13":1,"14":1,"15":1,"16":1,"17":1,"18":1,"19":1,"20":1,"21":1},"b":{"1":[1],"2":[1,1],"3":[1],"4":[1]},"f":{"1":1,"2":1,"3":1},"fnMap":{"1":{"name":"(anonymous_1)","line":12,"loc":{"start":{"line":12,"column":1},"end":{"line":12,"column":13}}},"2":{"name":"(anonymous_2)","line":19,"loc":{"start":{"line":19,"column":5},"end":{"line":19,"column":17}}},"3":{"name":"(anonymous_3)","line":43,"loc":{"start":{"line":43,"column":35},"end":{"line":43,"column":63}}}},"statementMap":{"1":{"start":{"line":12,"column":0},"end":{"line":86,"column":5}},"2":{"start":{"line":14,"column":4},"end":{"line":14,"column":14}},"3":{"start":{"line":19,"column":4},"end":{"line":36,"column":9}},"4":{"start":{"line":21,"column":8},"end":{"line":21,"column":35}},"5":{"start":{"line":23,"column":8},"end":{"line":23,"column":19}},"6":{"start":{"line":24,"column":8},"end":{"line":24,"column":19}},"7":{"start":{"line":26,"column":8},"end":{"line":26,"column":30}},"8":{"start":{"line":28,"column":8},"end":{"line":28,"column":30}},"9":{"start":{"line":29,"column":8},"end":{"line":35,"column":9}},"10":{"start":{"line":32,"column":12},"end":{"line":33,"column":46}},"11":{"start":{"line":34,"column":12},"end":{"line":34,"column":18}},"12":{"start":{"line":37,"column":4},"end":{"line":75,"column":5}},"13":{"start":{"line":43,"column":8},"end":{"line":73,"column":10}},"14":{"start":{"line":47,"column":12},"end":{"line":47,"column":25}},"15":{"start":{"line":48,"column":12},"end":{"line":53,"column":14}},"16":{"start":{"line":54,"column":12},"end":{"line":71,"column":14}},"17":{"start":{"line":72,"column":12},"end":{"line":72,"column":45}},"18":{"start":{"line":74,"column":8},"end":{"line":74,"column":14}},"19":{"start":{"line":76,"column":4},"end":{"line":85,"column":5}},"20":{"start":{"line":83,"column":8},"end":{"line":83,"column":35}},"21":{"start":{"line":84,"column":8},"end":{"line":84,"column":14}}},"branchMap":{"1":{"line":29,"type":"switch","locations":[{"start":{"line":31,"column":8},"end":{"line":34,"column":18}}]},"2":{"line":32,"type":"binary-expr","locations":[{"start":{"line":32,"column":36},"end":{"line":32,"column":64}},{"start":{"line":32,"column":68},"end":{"line":32,"column":87}}]},"3":{"line":37,"type":"switch","locations":[{"start":{"line":42,"column":4},"end":{"line":74,"column":14}}]},"4":{"line":76,"type":"switch","locations":[{"start":{"line":81,"column":4},"end":{"line":84,"column":14}}]}},"code":["/* istanbul instrument in package mysql-lite */","/*jslint","    bitwise: true,","    browser: true,","    maxerr: 8,","    maxlen: 96,","    node: true,","    nomen: true,","    regexp: true,","    stupid: true","*/","(function () {","    'use strict';","    var local;","","","","    // run shared js-env code - pre-init","    (function () {","        // init Error.stackTraceLimit","        Error.stackTraceLimit = 20;","        // init local","        local = {};","        local = {};","        // init modeJs","        local.modeJs = 'node';","        // init global","        local.global = global;","        switch (local.modeJs) {","        // re-init local from example.js","        case 'node':","            local = global.local = (local.global.utility2_rollup || require('utility2'))","                .requireExampleJsFromReadme();","            break;","        }","    }());","    switch (local.modeJs) {","","","","    // run node js-env code - function","    case 'node':","        local.testCase_build_doc = function (options, onError) {","        /*","         * this function will test build's doc handling-behavior","         */","            options = {};","            options.exampleFileList = [","                'README.md',","                './mysql/Readme.md',","                'test.js',","                local.env.npm_package_main + '.js'","            ];","            options.moduleDict = {","                'mysql-lite.Connection.prototype': {","                    exampleFileList: [],","                    exports: local.Connection.prototype","                },","                'mysql-lite.Pool.prototype': {","                    exampleFileList: [],","                    exports: local.Pool.prototype","                },","                'mysql-lite.PoolCluster.prototype': {","                    exampleFileList: [],","                    exports: local.PoolCluster.prototype","                },","                'mysql-lite.Query.prototype': {","                    exampleFileList: [],","                    exports: local.Query.prototype","                }","            };","            local.buildDoc(options, onError);","        };","        break;","    }","    switch (local.modeJs) {","","","","    // run node js-env code - post-init","    case 'node':","        // run test-server","        local.testRunServer(local);","        break;","    }","}());",""],"l":{"12":1,"14":1,"19":1,"21":1,"23":1,"24":1,"26":1,"28":1,"29":1,"32":1,"34":1,"37":1,"43":1,"47":1,"48":1,"54":1,"72":1,"74":1,"76":1,"83":1,"84":1}},"/home/travis/build/kaizhu256/node-mysql-lite/lib.mysql.js":{"path":"/home/travis/build/kaizhu256/node-mysql-lite/lib.mysql.js","s":{"1":1,"2":1,"3":1,"4":1,"5":1,"6":1,"7":1,"8":1},"b":{},"f":{"1":1},"fnMap":{"1":{"name":"(anonymous_1)","line":12,"loc":{"start":{"line":12,"column":1},"end":{"line":12,"column":13}}}},"statementMap":{"1":{"start":{"line":12,"column":0},"end":{"line":21,"column":5}},"2":{"start":{"line":14,"column":4},"end":{"line":14,"column":14}},"3":{"start":{"line":15,"column":4},"end":{"line":15,"column":29}},"4":{"start":{"line":16,"column":4},"end":{"line":16,"column":62}},"5":{"start":{"line":17,"column":4},"end":{"line":17,"column":50}},"6":{"start":{"line":18,"column":4},"end":{"line":18,"column":64}},"7":{"start":{"line":19,"column":4},"end":{"line":19,"column":52}},"8":{"start":{"line":20,"column":4},"end":{"line":20,"column":27}}},"branchMap":{},"code":["/* istanbul instrument in package mysql-lite */","/*jslint","    bitwise: true,","    browser: true,","    maxerr: 8,","    maxlen: 96,","    node: true,","    nomen: true,","    regexp: true,","    stupid: true","*/","(function () {","    'use strict';","    var local;","    local = require('mysql');","    local.Connection = local.createConnection({}).constructor;","    local.Pool = local.createPool({}).constructor;","    local.PoolCluster = local.createPoolCluster({}).constructor;","    local.Query = local.createQuery({}).constructor;","    module.exports = local;","}());",""],"l":{"12":1,"14":1,"15":1,"16":1,"17":1,"18":1,"19":1,"20":1}}}