{"/home/travis/build/kaizhu256/node-mysql-lite/test.js":{"path":"/home/travis/build/kaizhu256/node-mysql-lite/test.js","s":{"1":1,"2":1,"3":1,"4":1,"5":1,"6":1,"7":1,"8":1,"9":1,"10":1,"11":1,"12":1,"13":1,"14":1,"15":1,"16":1,"17":1,"18":1,"19":4,"20":1,"21":1,"22":1,"23":1,"24":1},"b":{"1":[1],"2":[1,1],"3":[1],"4":[1]},"f":{"1":1,"2":1,"3":1,"4":1,"5":4},"fnMap":{"1":{"name":"(anonymous_1)","line":12,"loc":{"start":{"line":12,"column":1},"end":{"line":12,"column":13}}},"2":{"name":"(anonymous_2)","line":19,"loc":{"start":{"line":19,"column":5},"end":{"line":19,"column":17}}},"3":{"name":"(anonymous_3)","line":40,"loc":{"start":{"line":40,"column":35},"end":{"line":40,"column":63}}},"4":{"name":"(anonymous_4)","line":48,"loc":{"start":{"line":48,"column":38},"end":{"line":48,"column":66}}},"5":{"name":"(anonymous_5)","line":61,"loc":{"start":{"line":61,"column":22},"end":{"line":61,"column":37}}}},"statementMap":{"1":{"start":{"line":12,"column":0},"end":{"line":78,"column":5}},"2":{"start":{"line":14,"column":4},"end":{"line":14,"column":14}},"3":{"start":{"line":19,"column":4},"end":{"line":33,"column":9}},"4":{"start":{"line":21,"column":8},"end":{"line":21,"column":19}},"5":{"start":{"line":23,"column":8},"end":{"line":23,"column":30}},"6":{"start":{"line":25,"column":8},"end":{"line":25,"column":30}},"7":{"start":{"line":26,"column":8},"end":{"line":32,"column":9}},"8":{"start":{"line":29,"column":12},"end":{"line":30,"column":46}},"9":{"start":{"line":31,"column":12},"end":{"line":31,"column":18}},"10":{"start":{"line":34,"column":4},"end":{"line":67,"column":5}},"11":{"start":{"line":40,"column":8},"end":{"line":46,"column":10}},"12":{"start":{"line":44,"column":12},"end":{"line":44,"column":25}},"13":{"start":{"line":45,"column":12},"end":{"line":45,"column":45}},"14":{"start":{"line":48,"column":8},"end":{"line":65,"column":10}},"15":{"start":{"line":52,"column":12},"end":{"line":52,"column":25}},"16":{"start":{"line":53,"column":12},"end":{"line":53,"column":76}},"17":{"start":{"line":54,"column":12},"end":{"line":54,"column":58}},"18":{"start":{"line":56,"column":12},"end":{"line":63,"column":15}},"19":{"start":{"line":62,"column":16},"end":{"line":62,"column":83}},"20":{"start":{"line":64,"column":12},"end":{"line":64,"column":58}},"21":{"start":{"line":66,"column":8},"end":{"line":66,"column":14}},"22":{"start":{"line":68,"column":4},"end":{"line":77,"column":5}},"23":{"start":{"line":75,"column":8},"end":{"line":75,"column":35}},"24":{"start":{"line":76,"column":8},"end":{"line":76,"column":14}}},"branchMap":{"1":{"line":26,"type":"switch","locations":[{"start":{"line":28,"column":8},"end":{"line":31,"column":18}}]},"2":{"line":29,"type":"binary-expr","locations":[{"start":{"line":29,"column":36},"end":{"line":29,"column":64}},{"start":{"line":29,"column":68},"end":{"line":29,"column":87}}]},"3":{"line":34,"type":"switch","locations":[{"start":{"line":39,"column":4},"end":{"line":66,"column":14}}]},"4":{"line":68,"type":"switch","locations":[{"start":{"line":73,"column":4},"end":{"line":76,"column":14}}]}},"code":["/* istanbul instrument in package mysql-lite */","/*jslint","    bitwise: true,","    browser: true,","    maxerr: 8,","    maxlen: 96,","    node: true,","    nomen: true,","    regexp: true,","    stupid: true","*/","(function () {","    'use strict';","    var local;","","","","    // run shared js-env code - pre-init","    (function () {","        // init local","        local = {};","        // init modeJs","        local.modeJs = 'node';","        // init global","        local.global = global;","        switch (local.modeJs) {","        // re-init local from example.js","        case 'node':","            local = global.local = (local.global.utility2_rollup || require('utility2'))","                .requireExampleJsFromReadme();","            break;","        }","    }());","    switch (local.modeJs) {","","","","    // run node js-env code - function","    case 'node':","        local.testCase_build_doc = function (options, onError) {","        /*","         * this function will test build's doc handling-behavior","         */","            options = {};","            local.buildDoc(options, onError);","        };","","        local.testCase_build_readme = function (options, onError) {","        /*","         * this function will test build's readme handling-behavior","         */","            options = {};","            options.readmeFile = local.fs.readFileSync('README.md', 'utf8');","            options.readmeTemplate = local.templateReadme;","            // search-and-replace readmeTemplate","            [","                (/ \\[!\\[istanbul coverage\\].*?(\\n)/),","                (/\\n# cdn download\\n[\\S\\s]*(\\n# documentation\\n)/),","                (/\\n\\| test-server-. : \\|[\\S\\s]*?(\\n\\| build-artifacts : \\|)/),","                (/\\n# quickstart\\b[\\S\\s]*?(\\n# package.json\\n)/)","            ].forEach(function (rgx) {","                options.readmeTemplate = options.readmeTemplate.replace(rgx, '$1');","            });","            local.buildReadmeJslintLite(options, onError);","        };","        break;","    }","    switch (local.modeJs) {","","","","    // run node js-env code - post-init","    case 'node':","        // run test-server","        local.testRunServer(local);","        break;","    }","}());",""],"l":{"12":1,"14":1,"19":1,"21":1,"23":1,"25":1,"26":1,"29":1,"31":1,"34":1,"40":1,"44":1,"45":1,"48":1,"52":1,"53":1,"54":1,"56":1,"62":4,"64":1,"66":1,"68":1,"75":1,"76":1}},"/home/travis/build/kaizhu256/node-mysql-lite/lib.mysql.js":{"path":"/home/travis/build/kaizhu256/node-mysql-lite/lib.mysql.js","s":{"1":1,"2":1,"3":1,"4":1,"5":1,"6":1,"7":1,"8":1},"b":{},"f":{"1":1},"fnMap":{"1":{"name":"(anonymous_1)","line":12,"loc":{"start":{"line":12,"column":1},"end":{"line":12,"column":13}}}},"statementMap":{"1":{"start":{"line":12,"column":0},"end":{"line":21,"column":5}},"2":{"start":{"line":14,"column":4},"end":{"line":14,"column":14}},"3":{"start":{"line":15,"column":4},"end":{"line":15,"column":29}},"4":{"start":{"line":16,"column":4},"end":{"line":16,"column":62}},"5":{"start":{"line":17,"column":4},"end":{"line":17,"column":50}},"6":{"start":{"line":18,"column":4},"end":{"line":18,"column":64}},"7":{"start":{"line":19,"column":4},"end":{"line":19,"column":52}},"8":{"start":{"line":20,"column":4},"end":{"line":20,"column":27}}},"branchMap":{},"code":["/* istanbul instrument in package mysql-lite */","/*jslint","    bitwise: true,","    browser: true,","    maxerr: 8,","    maxlen: 96,","    node: true,","    nomen: true,","    regexp: true,","    stupid: true","*/","(function () {","    'use strict';","    var local;","    local = require('mysql');","    local.Connection = local.createConnection({}).constructor;","    local.Pool = local.createPool({}).constructor;","    local.PoolCluster = local.createPoolCluster({}).constructor;","    local.Query = local.createQuery({}).constructor;","    module.exports = local;","}());",""],"l":{"12":1,"14":1,"15":1,"16":1,"17":1,"18":1,"19":1,"20":1}}}