{"/home/travis/build/kaizhu256/node-mysql-lite/lib.mysql.js":{"path":"/home/travis/build/kaizhu256/node-mysql-lite/lib.mysql.js","s":{"1":1,"2":1,"3":1,"4":1,"5":1,"6":1,"7":1,"8":1},"b":{},"f":{"1":1},"fnMap":{"1":{"name":"(anonymous_1)","line":12,"loc":{"start":{"line":12,"column":1},"end":{"line":12,"column":13}}}},"statementMap":{"1":{"start":{"line":12,"column":0},"end":{"line":21,"column":5}},"2":{"start":{"line":14,"column":4},"end":{"line":14,"column":14}},"3":{"start":{"line":15,"column":4},"end":{"line":15,"column":29}},"4":{"start":{"line":16,"column":4},"end":{"line":16,"column":62}},"5":{"start":{"line":17,"column":4},"end":{"line":17,"column":50}},"6":{"start":{"line":18,"column":4},"end":{"line":18,"column":64}},"7":{"start":{"line":19,"column":4},"end":{"line":19,"column":52}},"8":{"start":{"line":20,"column":4},"end":{"line":20,"column":27}}},"branchMap":{},"code":["/* istanbul instrument in package mysql-lite */","/*jslint","    bitwise: true,","    browser: true,","    maxerr: 8,","    maxlen: 96,","    node: true,","    nomen: true,","    regexp: true,","    stupid: true","*/","(function () {","    'use strict';","    var local;","    local = require('mysql');","    local.Connection = local.createConnection({}).constructor;","    local.Pool = local.createPool({}).constructor;","    local.PoolCluster = local.createPoolCluster({}).constructor;","    local.Query = local.createQuery({}).constructor;","    module.exports = local;","}());",""],"l":{"12":1,"14":1,"15":1,"16":1,"17":1,"18":1,"19":1,"20":1}}}